<?xml version="1.0" encoding="UTF-8"?>
<!-- Generated by org.testng.reporters.JUnitReportReporter -->
<testsuite hostname="shubh-Predator-PH315-52" failures="0" tests="3" name="com.example.runner.CucumberRunnerTests" time="110.606" errors="0" timestamp="2022-10-12T11:49:17 IST" skipped="0">
  <testcase classname="com.example.runner.CucumberRunnerTests" name="runScenario" time="104.596"/>
  <system-out/>
  <testcase classname="com.example.runner.CucumberRunnerTests" name="runScenario" time="1.587"/>
  <system-out/>
  <testcase classname="com.example.runner.CucumberRunnerTests" name="runScenario" time="4.423"/>
  <system-out/>
</testsuite> <!-- com.example.runner.CucumberRunnerTests -->
